<?xml version="1.0" encoding="UTF-8"?>
<!-- Generated by org.testng.reporters.JUnitXMLReporter -->
<testsuite ignored="0" hostname="LAPTOP-FN0IP21R" failures="0" tests="5" name="Default test" time="65.98" errors="0" timestamp="2021-04-17T11:55:20 BST">
  <testcase classname="com.next.qa.testcases.HelpTest" name="helplinkclick" time="2.905"/>
  <testcase classname="com.next.qa.testcases.HomePageTest" name="MyaccountclickTest" time="2.285"/>
  <testcase classname="com.next.qa.testcases.RegisterNowPagetest" name="NameinputTest" time="1.148"/>
  <testcase classname="com.next.qa.testcases.LoginPageTest" name="LoginTest" time="4.748"/>
  <testcase classname="com.next.qa.testcases.LoginPageTest" name="RegisternowclickTest" time="2.417"/>
</testsuite> <!-- Default test -->
