<?xml version="1.0" encoding="UTF-8"?>
<testng-results ignored="0" total="5" passed="5" failed="0" skipped="0">
  <reporter-output>
  </reporter-output>
  <suite started-at="2021-04-17T11:54:14 BST" name="Default suite" finished-at="2021-04-17T11:55:20 BST" duration-ms="65980">
    <groups>
    </groups>
    <test started-at="2021-04-17T11:54:14 BST" name="Default test" finished-at="2021-04-17T11:55:20 BST" duration-ms="65980">
      <class name="com.next.qa.testcases.HelpTest">
        <test-method is-config="true" signature="setup()[pri:0, instance:com.next.qa.testcases.HelpTest@69997e9d]" started-at="2021-04-17T11:54:14 BST" name="setup" finished-at="2021-04-17T11:54:21 BST" duration-ms="7122" status="PASS">
          <reporter-output>
          </reporter-output>
        </test-method> <!-- setup -->
        <test-method signature="helplinkclick()[pri:0, instance:com.next.qa.testcases.HelpTest@69997e9d]" started-at="2021-04-17T11:54:21 BST" name="helplinkclick" finished-at="2021-04-17T11:54:24 BST" duration-ms="2905" status="PASS">
          <reporter-output>
          </reporter-output>
        </test-method> <!-- helplinkclick -->
        <test-method is-config="true" signature="Teardown()[pri:0, instance:com.next.qa.testcases.HelpTest@69997e9d]" started-at="2021-04-17T11:54:24 BST" name="Teardown" finished-at="2021-04-17T11:54:25 BST" duration-ms="1471" status="PASS">
          <reporter-output>
          </reporter-output>
        </test-method> <!-- Teardown -->
      </class> <!-- com.next.qa.testcases.HelpTest -->
      <class name="com.next.qa.testcases.HomePageTest">
        <test-method is-config="true" signature="Setup()[pri:0, instance:com.next.qa.testcases.HomePageTest@5032714f]" started-at="2021-04-17T11:54:25 BST" name="Setup" finished-at="2021-04-17T11:54:32 BST" duration-ms="6476" status="PASS">
          <reporter-output>
          </reporter-output>
        </test-method> <!-- Setup -->
        <test-method signature="MyaccountclickTest()[pri:0, instance:com.next.qa.testcases.HomePageTest@5032714f]" started-at="2021-04-17T11:54:32 BST" name="MyaccountclickTest" finished-at="2021-04-17T11:54:34 BST" duration-ms="2285" status="PASS">
          <reporter-output>
          </reporter-output>
        </test-method> <!-- MyaccountclickTest -->
        <test-method is-config="true" signature="Teardown()[pri:0, instance:com.next.qa.testcases.HomePageTest@5032714f]" started-at="2021-04-17T11:54:34 BST" name="Teardown" finished-at="2021-04-17T11:54:35 BST" duration-ms="820" status="PASS">
          <reporter-output>
          </reporter-output>
        </test-method> <!-- Teardown -->
      </class> <!-- com.next.qa.testcases.HomePageTest -->
      <class name="com.next.qa.testcases.RegisterNowPagetest">
        <test-method is-config="true" signature="setup()[pri:0, instance:com.next.qa.testcases.RegisterNowPagetest@48bb62]" started-at="2021-04-17T11:54:35 BST" name="setup" finished-at="2021-04-17T11:54:50 BST" duration-ms="14707" status="PASS">
          <reporter-output>
          </reporter-output>
        </test-method> <!-- setup -->
        <test-method signature="NameinputTest()[pri:0, instance:com.next.qa.testcases.RegisterNowPagetest@48bb62]" started-at="2021-04-17T11:54:50 BST" name="NameinputTest" finished-at="2021-04-17T11:54:51 BST" duration-ms="1148" status="PASS">
          <reporter-output>
          </reporter-output>
        </test-method> <!-- NameinputTest -->
        <test-method is-config="true" signature="Teardown()[pri:0, instance:com.next.qa.testcases.RegisterNowPagetest@48bb62]" started-at="2021-04-17T11:54:51 BST" name="Teardown" finished-at="2021-04-17T11:54:52 BST" duration-ms="883" status="PASS">
          <reporter-output>
          </reporter-output>
        </test-method> <!-- Teardown -->
      </class> <!-- com.next.qa.testcases.RegisterNowPagetest -->
      <class name="com.next.qa.testcases.LoginPageTest">
        <test-method is-config="true" signature="setup()[pri:0, instance:com.next.qa.testcases.LoginPageTest@353352b6]" started-at="2021-04-17T11:54:52 BST" name="setup" finished-at="2021-04-17T11:55:01 BST" duration-ms="9024" status="PASS">
          <reporter-output>
          </reporter-output>
        </test-method> <!-- setup -->
        <test-method signature="LoginTest()[pri:1, instance:com.next.qa.testcases.LoginPageTest@353352b6]" started-at="2021-04-17T11:55:01 BST" name="LoginTest" finished-at="2021-04-17T11:55:05 BST" duration-ms="4748" status="PASS">
          <reporter-output>
          </reporter-output>
        </test-method> <!-- LoginTest -->
        <test-method is-config="true" signature="Teardown()[pri:0, instance:com.next.qa.testcases.LoginPageTest@353352b6]" started-at="2021-04-17T11:55:05 BST" name="Teardown" finished-at="2021-04-17T11:55:06 BST" duration-ms="895" status="PASS">
          <reporter-output>
          </reporter-output>
        </test-method> <!-- Teardown -->
        <test-method is-config="true" signature="setup()[pri:0, instance:com.next.qa.testcases.LoginPageTest@353352b6]" started-at="2021-04-17T11:55:06 BST" name="setup" finished-at="2021-04-17T11:55:16 BST" duration-ms="10077" status="PASS">
          <reporter-output>
          </reporter-output>
        </test-method> <!-- setup -->
        <test-method signature="RegisternowclickTest()[pri:2, instance:com.next.qa.testcases.LoginPageTest@353352b6]" started-at="2021-04-17T11:55:16 BST" name="RegisternowclickTest" finished-at="2021-04-17T11:55:19 BST" duration-ms="2417" status="PASS">
          <reporter-output>
          </reporter-output>
        </test-method> <!-- RegisternowclickTest -->
        <test-method is-config="true" signature="Teardown()[pri:0, instance:com.next.qa.testcases.LoginPageTest@353352b6]" started-at="2021-04-17T11:55:19 BST" name="Teardown" finished-at="2021-04-17T11:55:20 BST" duration-ms="951" status="PASS">
          <reporter-output>
          </reporter-output>
        </test-method> <!-- Teardown -->
      </class> <!-- com.next.qa.testcases.LoginPageTest -->
    </test> <!-- Default test -->
  </suite> <!-- Default suite -->
</testng-results>
